Build started 10/7/2019 7:35:10 PM.
     1>Project "C:\Users\user\Documents\Visual Studio 2010\Projects\erere\erere\erere.vcxproj" on node 2 (build target(s)).
     1>InitializeBuildStatus:
         Creating "Debug\erere.unsuccessfulbuild" because "AlwaysCreate" was specified.
       ClCompile:
         D:\Study Materials\Microsoft Visual Studio\VC\bin\CL.exe /c /ZI /nologo /W3 /WX- /Od /Oy- /D _MBCS /Gm /EHsc /RTC1 /MDd /GS /fp:precise /Zc:wchar_t /Zc:forScope /Fo"Debug\\" /Fd"Debug\vc100.pdb" /Gd /TP /analyze- /errorReport:prompt iMain.cpp
         iMain.cpp
     1>c:\users\user\documents\visual studio 2010\projects\erere\erere\imain.cpp(123): warning C4996: 'fopen': This function or variable may be unsafe. Consider using fopen_s instead. To disable deprecation, use _CRT_SECURE_NO_WARNINGS. See online help for details.
                 d:\study materials\microsoft visual studio\vc\include\stdio.h(234) : see declaration of 'fopen'
     1>c:\users\user\documents\visual studio 2010\projects\erere\erere\imain.cpp(125): warning C4996: 'fscanf': This function or variable may be unsafe. Consider using fscanf_s instead. To disable deprecation, use _CRT_SECURE_NO_WARNINGS. See online help for details.
                 d:\study materials\microsoft visual studio\vc\include\stdio.h(253) : see declaration of 'fscanf'
     1>c:\users\user\documents\visual studio 2010\projects\erere\erere\imain.cpp(126): warning C4996: 'sprintf': This function or variable may be unsafe. Consider using sprintf_s instead. To disable deprecation, use _CRT_SECURE_NO_WARNINGS. See online help for details.
                 d:\study materials\microsoft visual studio\vc\include\stdio.h(371) : see declaration of 'sprintf'
     1>c:\users\user\documents\visual studio 2010\projects\erere\erere\imain.cpp(201): warning C4996: 'fopen': This function or variable may be unsafe. Consider using fopen_s instead. To disable deprecation, use _CRT_SECURE_NO_WARNINGS. See online help for details.
                 d:\study materials\microsoft visual studio\vc\include\stdio.h(234) : see declaration of 'fopen'
     1>c:\users\user\documents\visual studio 2010\projects\erere\erere\imain.cpp(203): warning C4996: 'fscanf': This function or variable may be unsafe. Consider using fscanf_s instead. To disable deprecation, use _CRT_SECURE_NO_WARNINGS. See online help for details.
                 d:\study materials\microsoft visual studio\vc\include\stdio.h(253) : see declaration of 'fscanf'
     1>c:\users\user\documents\visual studio 2010\projects\erere\erere\imain.cpp(204): warning C4996: 'sprintf': This function or variable may be unsafe. Consider using sprintf_s instead. To disable deprecation, use _CRT_SECURE_NO_WARNINGS. See online help for details.
                 d:\study materials\microsoft visual studio\vc\include\stdio.h(371) : see declaration of 'sprintf'
     1>c:\users\user\documents\visual studio 2010\projects\erere\erere\imain.cpp(257): warning C4996: 'fopen': This function or variable may be unsafe. Consider using fopen_s instead. To disable deprecation, use _CRT_SECURE_NO_WARNINGS. See online help for details.
                 d:\study materials\microsoft visual studio\vc\include\stdio.h(234) : see declaration of 'fopen'
     1>c:\users\user\documents\visual studio 2010\projects\erere\erere\imain.cpp(722): warning C4996: 'sprintf': This function or variable may be unsafe. Consider using sprintf_s instead. To disable deprecation, use _CRT_SECURE_NO_WARNINGS. See online help for details.
                 d:\study materials\microsoft visual studio\vc\include\stdio.h(371) : see declaration of 'sprintf'
     1>c:\users\user\documents\visual studio 2010\projects\erere\erere\imain.cpp(723): warning C4996: 'sprintf': This function or variable may be unsafe. Consider using sprintf_s instead. To disable deprecation, use _CRT_SECURE_NO_WARNINGS. See online help for details.
                 d:\study materials\microsoft visual studio\vc\include\stdio.h(371) : see declaration of 'sprintf'
       Link:
         D:\Study Materials\Microsoft Visual Studio\VC\bin\link.exe /ERRORREPORT:PROMPT /OUT:"C:\Users\user\Documents\Visual Studio 2010\Projects\erere\Debug\erere.exe" /NOLOGO kernel32.lib user32.lib gdi32.lib winspool.lib comdlg32.lib advapi32.lib shell32.lib ole32.lib oleaut32.lib uuid.lib odbc32.lib odbccp32.lib /MANIFEST /ManifestFile:"Debug\erere.exe.intermediate.manifest" /MANIFESTUAC:"level='asInvoker' uiAccess='false'" /DEBUG /PDB:"C:\Users\user\Documents\Visual Studio 2010\Projects\erere\Debug\erere.pdb" /TLBID:1 /DYNAMICBASE /NXCOMPAT /IMPLIB:"C:\Users\user\Documents\Visual Studio 2010\Projects\erere\Debug\erere.lib" /MACHINE:X86 Debug\iMain.obj
         LINK : C:\Users\user\Documents\Visual Studio 2010\Projects\erere\Debug\erere.exe not found or not built by the last incremental link; performing full link
         erere.vcxproj -> C:\Users\user\Documents\Visual Studio 2010\Projects\erere\Debug\erere.exe
       Manifest:
         C:\Program Files\Microsoft SDKs\Windows\v7.0A\bin\mt.exe /nologo /verbose /outputresource:"C:\Users\user\Documents\Visual Studio 2010\Projects\erere\Debug\erere.exe;#1" /manifest Debug\erere.exe.intermediate.manifest
       FinalizeBuildStatus:
         Deleting file "Debug\erere.unsuccessfulbuild".
         Touching "Debug\erere.lastbuildstate".
     1>Done Building Project "C:\Users\user\Documents\Visual Studio 2010\Projects\erere\erere\erere.vcxproj" (build target(s)).

Build succeeded.

Time Elapsed 00:00:04.82
